Arguments: 
  /usr/local/Cellar/node/8.1.3/bin/node /usr/local/bin/yarnpkg add hideShowPassword --modules-folder ./vendor/assets/components/

PATH: 
  /Users/picolo/.rvm/gems/ruby-2.3.1@siai/bin:/Users/picolo/.rvm/gems/ruby-2.3.1@global/bin:/Users/picolo/.rvm/rubies/ruby-2.3.1/bin:/Users/picolo/.rvm/bin:/usr/local/bin:/usr/bin:/bin:/usr/sbin:/sbin:/Users/picolo/.rvm/bin:/Users/picolo/.rvm/bin

Yarn version: 
  0.27.5

Node version: 
  8.1.3

Platform: 
  darwin x64

npm manifest: 
  {
    "dependencies": {
      "jquery-mask-plugin": "^1.14.10",
      "select2": "^4.0.3"
    }
  }

yarn manifest: 
  No manifest

Lockfile: 
  # THIS IS AN AUTOGENERATED FILE. DO NOT EDIT THIS FILE DIRECTLY.
  # yarn lockfile v1
  
  
  almond@~0.3.1:
    version "0.3.3"
    resolved "https://registry.yarnpkg.com/almond/-/almond-0.3.3.tgz#a0e7c95ac7624d6417b4494b1e68bff693168a20"
  
  jquery-mask-plugin@^1.14.10:
    version "1.14.10"
    resolved "https://registry.yarnpkg.com/jquery-mask-plugin/-/jquery-mask-plugin-1.14.10.tgz#72468dfac2fced869818e7b704d713ada713417a"
  
  jquery-mousewheel@~3.1.13:
    version "3.1.13"
    resolved "https://registry.yarnpkg.com/jquery-mousewheel/-/jquery-mousewheel-3.1.13.tgz#06f0335f16e353a695e7206bf50503cb523a6ee5"
  
  select2@^4.0.3:
    version "4.0.3"
    resolved "https://registry.yarnpkg.com/select2/-/select2-4.0.3.tgz#207733fe91eacb9cb1a13f12463401f472449e0f"
    dependencies:
      almond "~0.3.1"
      jquery-mousewheel "~3.1.13"

Trace: 
  Error: https://registry.yarnpkg.com/hideShowPassword/-/hideShowPassword-2.0.4.tgz: Request failed "404 Not Found"
      at Request.handleRequestError (/usr/local/Cellar/yarn/0.27.5/libexec/lib/yarn-cli.js:56351:20)
      at emitOne (events.js:115:13)
      at Request.emit (events.js:210:7)
      at Request.onRequestResponse (/usr/local/Cellar/yarn/0.27.5/libexec/lib/yarn-cli.js:115128:10)
      at emitOne (events.js:115:13)
      at ClientRequest.emit (events.js:210:7)
      at HTTPParser.parserOnIncomingClient (_http_client.js:564:21)
      at HTTPParser.parserOnHeadersComplete (_http_common.js:116:23)
      at TLSSocket.socketOnData (_http_client.js:453:20)
      at emitOne (events.js:115:13)
